<?xml version="1.0" encoding="UTF-8"?>
<!-- Generated by org.testng.reporters.JUnitReportReporter -->
<testsuite hostname="OAPH000125" failures="0" tests="2" name="com.oneaston.tap.automation.ui.runners.RunCucumberTest" time="168.660" errors="0" timestamp="2023-08-29T13:32:49 SGT" skipped="0">
  <testcase classname="com.oneaston.tap.automation.ui.runners.RunCucumberTest" name="runScenario" time="84.255"/>
  <system-out/>
  <testcase classname="com.oneaston.tap.automation.ui.runners.RunCucumberTest" name="runScenario" time="84.405"/>
  <system-out/>
</testsuite> <!-- com.oneaston.tap.automation.ui.runners.RunCucumberTest -->
